<?xml version="1.0" encoding="UTF-8"?>
<!-- Generated by org.testng.reporters.JUnitXMLReporter -->
<testsuite ignored="0" hostname="Zainab_intern" failures="1" tests="2" name="File Upload and Download Test" time="50.376" errors="0" timestamp="2024-09-13T13:16:38 IST">
  <testcase classname="FileUpload_DownlodExample" name="testFileDownload" time="9.319"/>
  <testcase classname="FileUpload_DownlodExample" name="testFileUpload" time="33.473">
    <failure type="java.lang.AssertionError" message="Test failed due to exception: Expected condition failed: waiting for presence of element located by: By.id: input-4 (tried for 30 second(s) with 500 milliseconds interval)">
      <![CDATA[java.lang.AssertionError: Test failed due to exception: Expected condition failed: waiting for presence of element located by: By.id: input-4 (tried for 30 second(s) with 500 milliseconds interval)
at FileUpload_DownlodExample.testFileUpload(FileUpload_DownlodExample.java:113)
at java.base/java.util.ArrayList.forEach(ArrayList.java:1511)
... Removed 28 stack frames]]>
    </failure>
  </testcase> <!-- testFileUpload -->
</testsuite> <!-- File Upload and Download Test -->
